<?xml version="1.0" encoding="UTF-8"?>
<!-- Generated by org.testng.reporters.JUnitReportReporter -->
<testsuite hostname="songyu-PC" name="TestNG.TestDealmoon" tests="3" failures="0" timestamp="18 Jul 2017 09:58:40 GMT" time="9.900" errors="0">
  <testcase name="SearchKeyword" time="9.485" classname="TestNG.TestDealmoon"/>
  <testcase name="getkeyword" time="0.176" classname="TestNG.TestDealmoon"/>
  <testcase name="Keyword" time="0.239" classname="TestNG.TestDealmoon"/>
</testsuite> <!-- TestNG.TestDealmoon -->
