<?xml version="1.0" encoding="UTF-8"?>
<!-- Generated by org.testng.reporters.JUnitReportReporter -->
<testsuite hostname="songyu-PC" name="TestNG.TestNG" tests="3" failures="0" timestamp="18 Jul 2017 07:44:02 GMT" time="217.813" errors="0">
  <testcase name="SigninTestNullMailNullPass" time="69.092" classname="TestNG.TestNG"/>
  <testcase name="MyFavorite" time="80.546" classname="TestNG.TestNG"/>
  <testcase name="signin" time="68.175" classname="TestNG.TestNG"/>
</testsuite> <!-- TestNG.TestNG -->
