<?xml version="1.0" encoding="UTF-8"?>
<!-- Generated by org.testng.reporters.JUnitReportReporter -->
<testsuite hostname="songyu-PC" name="TestNG.NewTest" tests="1" failures="0" timestamp="17 Jul 2017 08:29:14 GMT" time="0.006" errors="0">
  <testcase name="Open" time="0.006" classname="TestNG.NewTest"/>
</testsuite> <!-- TestNG.NewTest -->
