<?xml version="1.0" encoding="UTF-8"?>
<!-- Generated by org.testng.reporters.JUnitReportReporter -->
<testsuite hostname="songyu-PC" name="TestNG.NewTest$Testcase" tests="4" failures="0" timestamp="17 Jul 2017 10:23:15 GMT" time="117.370" errors="0">
  <testcase name="Open" time="96.278" classname="TestNG.NewTest$Testcase"/>
  <testcase name="signin" time="0.972" classname="TestNG.NewTest$Testcase"/>
  <testcase name="SigninTestNullMailNullPass" time="1.846" classname="TestNG.NewTest$Testcase"/>
  <testcase name="MyFavorite" time="18.274" classname="TestNG.NewTest$Testcase"/>
</testsuite> <!-- TestNG.NewTest$Testcase -->
