<?xml version="1.0" encoding="UTF-8"?>
<!-- Generated by org.testng.reporters.JUnitReportReporter -->
<testsuite hostname="songyu-PC" name="TestNG.NewTest$OpenDealMoon" tests="1" failures="0" timestamp="17 Jul 2017 09:01:55 GMT" time="97.313" errors="0">
  <testcase name="Open" time="97.313" classname="TestNG.NewTest$OpenDealMoon"/>
</testsuite> <!-- TestNG.NewTest$OpenDealMoon -->
